<?xml version="1.0" encoding="UTF-8"?>
<!-- Generated by org.testng.reporters.JUnitReportReporter -->
<testsuite skipped="1" hostname="DESKTOP-U4AIFJ1" name="com.nttdata.regression.RegressionTest" tests="2" failures="0" timestamp="06 Jan 2019 12:45:20 GMT" time="27.178" errors="0">
  <testcase name="allquestions" time="27.178" classname="com.nttdata.regression.RegressionTest"/>
  <testcase name="TC_002_LangauageAlret" classname="com.nttdata.regression.RegressionTest">
    <skipped/>
  </testcase> <!-- TC_002_LangauageAlret -->
</testsuite> <!-- com.nttdata.regression.RegressionTest -->
