<?xml version="1.0" encoding="UTF-8"?>
<!-- Generated by org.testng.reporters.JUnitReportReporter -->
<testsuite hostname="DESKTOP-U4AIFJ1" name="com.nttdata.regression.RegressionTest" tests="2" failures="0" timestamp="5 Jan 2019 12:36:31 GMT" time="68.962" errors="0">
  <testcase name="allquestions" time="36.756" classname="com.nttdata.regression.RegressionTest"/>
  <testcase name="TC_002_LangauageAlret" time="32.206" classname="com.nttdata.regression.RegressionTest"/>
</testsuite> <!-- com.nttdata.regression.RegressionTest -->
