<?xml version="1.0" encoding="UTF-8"?>
<!-- Generated by org.testng.reporters.JUnitReportReporter -->
<testsuite skipped="0" hostname="DESKTOP-U4AIFJ1" name="testing.test" tests="2" failures="0" timestamp="05 Jan 2019 09:18:29 GMT" time="36.909" errors="0">
  <testcase name="allquestions" time="19.057" classname="testing.test"/>
  <testcase name="TC_002_LangauageAlret" time="17.852" classname="testing.test"/>
</testsuite> <!-- testing.test -->
